  main.cpp
D:\VISUALSTUDIO\source\repos\Project8_2\glm\glm\core\func_common.hpp(1,1): warning C4819: 该文件包含不能在当前代码页(936)中表示的字符。请将该文件保存为 Unicode 格式以防止数据丢失
D:\VISUALSTUDIO\source\repos\Project8_2\glm\glm\core\func_common.inl(1,1): warning C4819: 该文件包含不能在当前代码页(936)中表示的字符。请将该文件保存为 Unicode 格式以防止数据丢失
D:\VISUALSTUDIO\source\repos\Project8_2\glm\glm\core\func_integer.hpp(1,1): warning C4819: 该文件包含不能在当前代码页(936)中表示的字符。请将该文件保存为 Unicode 格式以防止数据丢失
LINK : warning LNK4098: 默认库“MSVCRT”与其他库的使用冲突；请使用 /NODEFAULTLIB:library
main.obj : error LNK2019: 无法解析的外部符号 _gladLoadGLLoader，函数 _main 中引用了该符号
main.obj : error LNK2001: 无法解析的外部符号 _glad_glTexParameteri
main.obj : error LNK2001: 无法解析的外部符号 _glad_glTexImage2D
main.obj : error LNK2001: 无法解析的外部符号 _glad_glClear
main.obj : error LNK2001: 无法解析的外部符号 _glad_glClearColor
main.obj : error LNK2001: 无法解析的外部符号 _glad_glEnable
main.obj : error LNK2001: 无法解析的外部符号 _glad_glDepthFunc
main.obj : error LNK2001: 无法解析的外部符号 _glad_glViewport
main.obj : error LNK2001: 无法解析的外部符号 _glad_glDrawArrays
main.obj : error LNK2001: 无法解析的外部符号 _glad_glBindTexture
main.obj : error LNK2001: 无法解析的外部符号 _glad_glGenTextures
main.obj : error LNK2001: 无法解析的外部符号 _glad_glActiveTexture
main.obj : error LNK2001: 无法解析的外部符号 _glad_glBindBuffer
main.obj : error LNK2001: 无法解析的外部符号 _glad_glDeleteBuffers
main.obj : error LNK2001: 无法解析的外部符号 _glad_glGenBuffers
main.obj : error LNK2001: 无法解析的外部符号 _glad_glBufferData
main.obj : error LNK2001: 无法解析的外部符号 _glad_glAttachShader
main.obj : error LNK2001: 无法解析的外部符号 _glad_glCompileShader
main.obj : error LNK2001: 无法解析的外部符号 _glad_glCreateProgram
main.obj : error LNK2001: 无法解析的外部符号 _glad_glCreateShader
main.obj : error LNK2001: 无法解析的外部符号 _glad_glDeleteShader
main.obj : error LNK2001: 无法解析的外部符号 _glad_glEnableVertexAttribArray
main.obj : error LNK2001: 无法解析的外部符号 _glad_glGetProgramiv
main.obj : error LNK2001: 无法解析的外部符号 _glad_glGetProgramInfoLog
main.obj : error LNK2001: 无法解析的外部符号 _glad_glGetShaderiv
main.obj : error LNK2001: 无法解析的外部符号 _glad_glGetShaderInfoLog
main.obj : error LNK2001: 无法解析的外部符号 _glad_glGetUniformLocation
main.obj : error LNK2001: 无法解析的外部符号 _glad_glLinkProgram
main.obj : error LNK2001: 无法解析的外部符号 _glad_glShaderSource
main.obj : error LNK2001: 无法解析的外部符号 _glad_glUseProgram
main.obj : error LNK2001: 无法解析的外部符号 _glad_glUniform1i
main.obj : error LNK2001: 无法解析的外部符号 _glad_glUniform3fv
main.obj : error LNK2001: 无法解析的外部符号 _glad_glUniformMatrix4fv
main.obj : error LNK2001: 无法解析的外部符号 _glad_glVertexAttribPointer
main.obj : error LNK2001: 无法解析的外部符号 _glad_glGenerateMipmap
main.obj : error LNK2001: 无法解析的外部符号 _glad_glBindVertexArray
main.obj : error LNK2001: 无法解析的外部符号 _glad_glDeleteVertexArrays
main.obj : error LNK2001: 无法解析的外部符号 _glad_glGenVertexArrays
D:\VISUALSTUDIO\source\repos\Project8_2\Debug\Project8_2.exe : fatal error LNK1120: 38 个无法解析的外部命令
